0 info it worked if it ends with ok
1 verbose cli [ 'C:\\Program Files\\nodejs\\node.exe',
1 verbose cli   'C:\\Users\\34395\\AppData\\Roaming\\npm\\node_modules\\cnpm\\node_modules\\npm\\bin\\npm-cli.js',
1 verbose cli   '--userconfig=C:\\Users\\34395\\.cnpmrc',
1 verbose cli   '--disturl=https://npm.taobao.org/mirrors/node',
1 verbose cli   '--registry=https://registry.npm.taobao.org',
1 verbose cli   'run',
1 verbose cli   'dev' ]
2 info using npm@3.10.10
3 info using node@v6.9.2
4 verbose run-script [ 'predev', 'dev', 'postdev' ]
5 info lifecycle mis-go@1.0.0~predev: mis-go@1.0.0
6 silly lifecycle mis-go@1.0.0~predev: no script for predev, continuing
7 info lifecycle mis-go@1.0.0~dev: mis-go@1.0.0
8 verbose lifecycle mis-go@1.0.0~dev: unsafe-perm in lifecycle true
9 verbose lifecycle mis-go@1.0.0~dev: PATH: C:\Users\34395\AppData\Roaming\npm\node_modules\cnpm\node_modules\npm\bin\node-gyp-bin;E:\project\gagaye-mis-go\mis-go\node_modules\.bin;C:\Users\34395\bin;D:\Program Files\Git\mingw64\bin;D:\Program Files\Git\usr\local\bin;D:\Program Files\Git\usr\bin;D:\Program Files\Git\usr\bin;D:\Program Files\Git\mingw64\bin;D:\Program Files\Git\usr\bin;C:\Users\34395\bin;C:\ProgramData\Oracle\Java\javapath;C:\Program Files (x86)\Intel\iCLS Client;C:\Program Files\Intel\iCLS Client;C:\Program Files (x86)\Lenovo\FusionEngine;C:\Windows\system32;C:\Windows;C:\Windows\System32\Wbem;C:\Windows\System32\WindowsPowerShell\v1.0;C:\Program Files (x86)\Common Files\lenovo\easyplussdk\bin;C:\Program Files (x86)\NVIDIA Corporation\PhysX\Common;C:\Program Files (x86)\Intel\Intel(R) Management Engine Components\DAL;C:\Program Files\Intel\Intel(R) Management Engine Components\DAL;C:\Program Files (x86)\Intel\Intel(R) Management Engine Components\IPT;C:\Program Files\Intel\Intel(R) Management Engine Components\IPT;C:\WINDOWS\system32;C:\WINDOWS;C:\WINDOWS\System32\Wbem;C:\WINDOWS\System32\WindowsPowerShell\v1.0;D:\前段安装\ps\quicktime\QTSystem;C:\;rogram Files\nodejs;D:\Program Files\Git\cmd;C:\Program Files (x86)\Java\jdk1.8.0_65\bin;C:\Python27;C:\Program Files (x86)\Android\android-sdk\tools;C:\Program Files (x86)\Android\android-sdk\platform-tools;C:\Program Files\nodejs;C:\Program Files\Intel\WiFi\bin;C:\Program Files\Common Files\Intel\WirelessCommon;C:\Ruby23-x64\bin;D:\Program Files\Git\usr\bin;D:\FrontInstall\sublime3\sublime3;C:\Users\34395\Desktop\资料\curl\64位;C:\Users\34395\AppData\Local\Microsoft\WindowsApps;C:\Users\34395\AppData\Roaming\npm;D:\Program Files\Git\usr\bin\vendor_perl;D:\Program Files\Git\usr\bin\core_perl
10 verbose lifecycle mis-go@1.0.0~dev: CWD: E:\project\gagaye-mis-go\mis-go
11 silly lifecycle mis-go@1.0.0~dev: Args: [ '/d /s /c', 'gulp' ]
12 silly lifecycle mis-go@1.0.0~dev: Returned: code: 3221225786  signal: null
13 info lifecycle mis-go@1.0.0~dev: Failed to exec dev script
14 verbose stack Error: mis-go@1.0.0 dev: `gulp`
14 verbose stack Exit status 3221225786
14 verbose stack     at EventEmitter.<anonymous> (C:\Users\34395\AppData\Roaming\npm\node_modules\cnpm\node_modules\npm\lib\utils\lifecycle.js:255:16)
14 verbose stack     at emitTwo (events.js:106:13)
14 verbose stack     at EventEmitter.emit (events.js:191:7)
14 verbose stack     at ChildProcess.<anonymous> (C:\Users\34395\AppData\Roaming\npm\node_modules\cnpm\node_modules\npm\lib\utils\spawn.js:40:14)
14 verbose stack     at emitTwo (events.js:106:13)
14 verbose stack     at ChildProcess.emit (events.js:191:7)
14 verbose stack     at maybeClose (internal/child_process.js:877:16)
14 verbose stack     at Process.ChildProcess._handle.onexit (internal/child_process.js:226:5)
15 verbose pkgid mis-go@1.0.0
16 verbose cwd E:\project\gagaye-mis-go\mis-go
17 error Windows_NT 10.0.14393
18 error argv "C:\\Program Files\\nodejs\\node.exe" "C:\\Users\\34395\\AppData\\Roaming\\npm\\node_modules\\cnpm\\node_modules\\npm\\bin\\npm-cli.js" "--userconfig=C:\\Users\\34395\\.cnpmrc" "--disturl=https://npm.taobao.org/mirrors/node" "--registry=https://registry.npm.taobao.org" "run" "dev"
19 error node v6.9.2
20 error npm  v3.10.10
21 error code ELIFECYCLE
22 error mis-go@1.0.0 dev: `gulp`
22 error Exit status 3221225786
23 error Failed at the mis-go@1.0.0 dev script 'gulp'.
23 error Make sure you have the latest version of node.js and npm installed.
23 error If you do, this is most likely a problem with the mis-go package,
23 error not with npm itself.
23 error Tell the author that this fails on your system:
23 error     gulp
23 error You can get information on how to open an issue for this project with:
23 error     npm bugs mis-go
23 error Or if that isn't available, you can get their info via:
23 error     npm owner ls mis-go
23 error There is likely additional logging output above.
24 verbose exit [ 1, true ]
